<?xml version="1.0" encoding="UTF-8"?>
<!-- Generated by org.testng.reporters.JUnitReportReporter -->
<testsuite skipped="0" hostname="Kirans-MBP.lan" name="mavenproject.MobileTest" tests="2" failures="0" timestamp="2019-04-23T14:21:03 BST" time="0.002" errors="0">
  <testcase name="trial3" time="0.001" classname="mavenproject.MobileTest"/>
  <testcase name="trial4" time="0.001" classname="mavenproject.MobileTest"/>
</testsuite> <!-- mavenproject.MobileTest -->
