<?xml version="1.0" encoding="UTF-8"?>
<!-- Generated by org.testng.reporters.JUnitReportReporter -->
<testsuite skipped="0" hostname="Kirans-MBP.lan" name="mavenproject.RemoteTest" tests="2" failures="0" timestamp="2019-04-23T14:21:03 BST" time="0.008" errors="0">
  <testcase name="trial2" time="0.002" classname="mavenproject.RemoteTest"/>
  <testcase name="trial1" time="0.006" classname="mavenproject.RemoteTest"/>
</testsuite> <!-- mavenproject.RemoteTest -->
