<?xml version="1.0" encoding="UTF-8"?>
<!-- Generated by org.testng.reporters.JUnitReportReporter -->
<testsuite skipped="0" hostname="Kirans-MBP.lan" name="mavenproject.MobileTest" tests="2" failures="0" timestamp="05 Apr 2019 13:35:50 GMT" time="0.005" errors="0">
  <testcase name="trial3" time="0.004" classname="mavenproject.MobileTest"/>
  <testcase name="trial4" time="0.001" classname="mavenproject.MobileTest"/>
</testsuite> <!-- mavenproject.MobileTest -->
