<?xml version="1.0" encoding="UTF-8"?>
<!-- Generated by org.testng.reporters.JUnitReportReporter -->
<testsuite skipped="0" hostname="Kirans-MBP.lan" name="mavenproject.WebTest" tests="2" failures="0" timestamp="05 Apr 2019 13:35:50 GMT" time="0.027" errors="0">
  <testcase name="trial5" time="0.024" classname="mavenproject.WebTest"/>
  <testcase name="trial6" time="0.003" classname="mavenproject.WebTest"/>
</testsuite> <!-- mavenproject.WebTest -->
