<?xml version="1.0" encoding="UTF-8"?>
<!-- Generated by org.testng.reporters.JUnitReportReporter -->
<testsuite skipped="0" hostname="Kirans-MBP.lan" name="mavenproject.RemoteTest" tests="2" failures="0" timestamp="05 Apr 2019 13:35:50 GMT" time="0.004" errors="0">
  <testcase name="trial1" time="0.003" classname="mavenproject.RemoteTest"/>
  <testcase name="trial2" time="0.001" classname="mavenproject.RemoteTest"/>
</testsuite> <!-- mavenproject.RemoteTest -->
