<?xml version="1.0" encoding="UTF-8"?>
<!-- Generated by org.testng.reporters.JUnitReportReporter -->
<testsuite skipped="0" hostname="Kirans-MBP.lan" name="mavenproject.RemoteTest" tests="2" failures="0" timestamp="2019-04-05T15:08:57 BST" time="0.001" errors="0">
  <testcase name="trial1" time="0.001" classname="mavenproject.RemoteTest"/>
  <testcase name="trial2" time="0.000" classname="mavenproject.RemoteTest"/>
</testsuite> <!-- mavenproject.RemoteTest -->
