<?xml version="1.0" encoding="UTF-8"?>
<!-- Generated by org.testng.reporters.JUnitReportReporter -->
<testsuite skipped="0" hostname="Kirans-MBP.lan" name="mavenproject.WebTest" tests="2" failures="0" timestamp="2019-04-05T15:08:57 BST" time="0.011" errors="0">
  <testcase name="trial5" time="0.010" classname="mavenproject.WebTest"/>
  <testcase name="trial6" time="0.001" classname="mavenproject.WebTest"/>
</testsuite> <!-- mavenproject.WebTest -->
